[debug] [2022-04-29T02:57:17.808Z] ----------------------------------------------------------------------
[debug] [2022-04-29T02:57:17.809Z] Command:       /usr/local/bin/node /Users/philipaguiar/.npm-global/bin/firebase deploy
[debug] [2022-04-29T02:57:17.809Z] CLI Version:   10.7.1
[debug] [2022-04-29T02:57:17.809Z] Platform:      darwin
[debug] [2022-04-29T02:57:17.809Z] Node Version:  v16.13.2
[debug] [2022-04-29T02:57:17.810Z] Time:          Thu Apr 28 2022 22:57:17 GMT-0400 (Eastern Daylight Time)
[debug] [2022-04-29T02:57:17.810Z] ----------------------------------------------------------------------
[debug] 
[debug] [2022-04-29T02:57:17.840Z] > command requires scopes: ["email","openid","https://www.googleapis.com/auth/cloudplatformprojects.readonly","https://www.googleapis.com/auth/firebase","https://www.googleapis.com/auth/cloud-platform"]
[debug] [2022-04-29T02:57:17.840Z] > authorizing via signed-in user (philipaguiar@gmail.com)
[debug] [2022-04-29T02:57:17.840Z] [iam] checking project jordle-game for permissions ["cloudfunctions.functions.create","cloudfunctions.functions.delete","cloudfunctions.functions.get","cloudfunctions.functions.list","cloudfunctions.functions.update","cloudfunctions.operations.get","firebase.projects.get","firebasehosting.sites.update"]
[debug] [2022-04-29T02:57:17.841Z] >>> [apiv2][query] POST https://cloudresourcemanager.googleapis.com/v1/projects/jordle-game:testIamPermissions [none]
[debug] [2022-04-29T02:57:17.841Z] >>> [apiv2][body] POST https://cloudresourcemanager.googleapis.com/v1/projects/jordle-game:testIamPermissions {"permissions":["cloudfunctions.functions.create","cloudfunctions.functions.delete","cloudfunctions.functions.get","cloudfunctions.functions.list","cloudfunctions.functions.update","cloudfunctions.operations.get","firebase.projects.get","firebasehosting.sites.update"]}
[debug] [2022-04-29T02:57:18.124Z] <<< [apiv2][status] POST https://cloudresourcemanager.googleapis.com/v1/projects/jordle-game:testIamPermissions 200
[debug] [2022-04-29T02:57:18.124Z] <<< [apiv2][body] POST https://cloudresourcemanager.googleapis.com/v1/projects/jordle-game:testIamPermissions {"permissions":["cloudfunctions.functions.create","cloudfunctions.functions.delete","cloudfunctions.functions.get","cloudfunctions.functions.list","cloudfunctions.functions.update","cloudfunctions.operations.get","firebase.projects.get","firebasehosting.sites.update"]}
[debug] [2022-04-29T02:57:18.125Z] >>> [apiv2][query] POST https://iam.googleapis.com/v1/projects/jordle-game/serviceAccounts/jordle-game@appspot.gserviceaccount.com:testIamPermissions [none]
[debug] [2022-04-29T02:57:18.125Z] >>> [apiv2][body] POST https://iam.googleapis.com/v1/projects/jordle-game/serviceAccounts/jordle-game@appspot.gserviceaccount.com:testIamPermissions {"permissions":["iam.serviceAccounts.actAs"]}
[debug] [2022-04-29T02:57:18.498Z] <<< [apiv2][status] POST https://iam.googleapis.com/v1/projects/jordle-game/serviceAccounts/jordle-game@appspot.gserviceaccount.com:testIamPermissions 200
[debug] [2022-04-29T02:57:18.498Z] <<< [apiv2][body] POST https://iam.googleapis.com/v1/projects/jordle-game/serviceAccounts/jordle-game@appspot.gserviceaccount.com:testIamPermissions {"permissions":["iam.serviceAccounts.actAs"]}
[debug] [2022-04-29T02:57:18.499Z] >>> [apiv2][query] GET https://firebase.googleapis.com/v1beta1/projects/jordle-game [none]
[debug] [2022-04-29T02:57:18.807Z] <<< [apiv2][status] GET https://firebase.googleapis.com/v1beta1/projects/jordle-game 200
[debug] [2022-04-29T02:57:18.808Z] <<< [apiv2][body] GET https://firebase.googleapis.com/v1beta1/projects/jordle-game {"projectId":"jordle-game","projectNumber":"587739046871","displayName":"jordle-game","name":"projects/jordle-game","resources":{"hostingSite":"jordle-game"},"state":"ACTIVE"}
[info] 
[info] === Deploying to 'jordle-game'...
[info] 
[info] i  deploying functions, hosting 
[info] Running command: npm --prefix "$RESOURCE_DIR" run lint
[info] Running command: npm --prefix "$RESOURCE_DIR" run build
[info] ✔  functions: Finished running predeploy script. 
[debug] [2022-04-29T02:57:25.107Z] >>> [apiv2][query] GET https://firebase.googleapis.com/v1beta1/projects/jordle-game [none]
[debug] [2022-04-29T02:57:25.353Z] <<< [apiv2][status] GET https://firebase.googleapis.com/v1beta1/projects/jordle-game 200
[debug] [2022-04-29T02:57:25.353Z] <<< [apiv2][body] GET https://firebase.googleapis.com/v1beta1/projects/jordle-game {"projectId":"jordle-game","projectNumber":"587739046871","displayName":"jordle-game","name":"projects/jordle-game","resources":{"hostingSite":"jordle-game"},"state":"ACTIVE"}
[info] i  functions: ensuring required API cloudfunctions.googleapis.com is enabled... 
[info] i  functions: ensuring required API cloudbuild.googleapis.com is enabled... 
[debug] [2022-04-29T02:57:25.354Z] >>> [apiv2][query] GET https://serviceusage.googleapis.com/v1/projects/jordle-game/services/cloudfunctions.googleapis.com [none]
[debug] [2022-04-29T02:57:25.355Z] >>> [apiv2][query] GET https://serviceusage.googleapis.com/v1/projects/jordle-game/services/runtimeconfig.googleapis.com [none]
[debug] [2022-04-29T02:57:25.355Z] >>> [apiv2][query] GET https://serviceusage.googleapis.com/v1/projects/jordle-game/services/cloudbuild.googleapis.com [none]
[debug] [2022-04-29T02:57:25.356Z] >>> [apiv2][query] GET https://serviceusage.googleapis.com/v1/projects/jordle-game/services/artifactregistry.googleapis.com [none]
[debug] [2022-04-29T02:57:25.778Z] <<< [apiv2][status] GET https://serviceusage.googleapis.com/v1/projects/jordle-game/services/cloudbuild.googleapis.com 200
[debug] [2022-04-29T02:57:25.778Z] <<< [apiv2][body] GET https://serviceusage.googleapis.com/v1/projects/jordle-game/services/cloudbuild.googleapis.com [omitted]
[info] ✔  functions: required API cloudbuild.googleapis.com is enabled 
[debug] [2022-04-29T02:57:25.794Z] <<< [apiv2][status] GET https://serviceusage.googleapis.com/v1/projects/jordle-game/services/artifactregistry.googleapis.com 200
[debug] [2022-04-29T02:57:25.794Z] <<< [apiv2][body] GET https://serviceusage.googleapis.com/v1/projects/jordle-game/services/artifactregistry.googleapis.com [omitted]
[debug] [2022-04-29T02:57:25.796Z] <<< [apiv2][status] GET https://serviceusage.googleapis.com/v1/projects/jordle-game/services/runtimeconfig.googleapis.com 200
[debug] [2022-04-29T02:57:25.796Z] <<< [apiv2][body] GET https://serviceusage.googleapis.com/v1/projects/jordle-game/services/runtimeconfig.googleapis.com [omitted]
[debug] [2022-04-29T02:57:25.814Z] <<< [apiv2][status] GET https://serviceusage.googleapis.com/v1/projects/jordle-game/services/cloudfunctions.googleapis.com 200
[debug] [2022-04-29T02:57:25.814Z] <<< [apiv2][body] GET https://serviceusage.googleapis.com/v1/projects/jordle-game/services/cloudfunctions.googleapis.com [omitted]
[info] ✔  functions: required API cloudfunctions.googleapis.com is enabled 
[debug] [2022-04-29T02:57:25.815Z] >>> [apiv2][query] GET https://firebase.googleapis.com/v1beta1/projects/jordle-game/adminSdkConfig [none]
[debug] [2022-04-29T02:57:26.149Z] <<< [apiv2][status] GET https://firebase.googleapis.com/v1beta1/projects/jordle-game/adminSdkConfig 200
[debug] [2022-04-29T02:57:26.149Z] <<< [apiv2][body] GET https://firebase.googleapis.com/v1beta1/projects/jordle-game/adminSdkConfig {"projectId":"jordle-game","storageBucket":"jordle-game.appspot.com"}
[debug] [2022-04-29T02:57:26.150Z] >>> [apiv2][query] GET https://runtimeconfig.googleapis.com/v1beta1/projects/jordle-game/configs [none]
[debug] [2022-04-29T02:57:26.416Z] <<< [apiv2][status] GET https://runtimeconfig.googleapis.com/v1beta1/projects/jordle-game/configs 200
[debug] [2022-04-29T02:57:26.417Z] <<< [apiv2][body] GET https://runtimeconfig.googleapis.com/v1beta1/projects/jordle-game/configs {}
[info] i  functions: preparing codebase default for deployment 
[debug] [2022-04-29T02:57:26.419Z] Validating nodejs source
[debug] [2022-04-29T02:57:27.410Z] > [functions] package.json contents: {
  "name": "functions",
  "scripts": {
    "lint": "eslint --ext .js,.ts .",
    "build": "tsc",
    "serve": "npm run build && firebase emulators:start --only functions",
    "shell": "npm run build && firebase functions:shell",
    "start": "npm run shell",
    "deploy": "firebase deploy --only functions",
    "logs": "firebase functions:log"
  },
  "engines": {
    "node": "16"
  },
  "main": "lib/index.js",
  "dependencies": {
    "cors": "^2.8.5",
    "express": "^4.18.0",
    "firebase-admin": "^10.0.2",
    "firebase-functions": "^3.20.1",
    "fs": "^0.0.1-security",
    "sneaks-api": "^1.2.3"
  },
  "devDependencies": {
    "@typescript-eslint/eslint-plugin": "^5.12.0",
    "@typescript-eslint/parser": "^5.12.0",
    "eslint": "^8.9.0",
    "eslint-config-google": "^0.14.0",
    "eslint-plugin-import": "^2.25.4",
    "firebase-functions-test": "^0.2.0",
    "typescript": "^4.5.4"
  },
  "private": true
}
[debug] [2022-04-29T02:57:27.411Z] Building nodejs source
[debug] [2022-04-29T02:57:27.411Z] Analyzing nodejs backend spec
[info] i  functions: preparing functions directory for uploading... 
[info] i  functions: packaged /Users/philipaguiar/Documents/All-Things-Coding/jordle/functions (356.21 KB) for uploading 
[debug] [2022-04-29T02:57:27.581Z] >>> [apiv2][query] GET https://cloudfunctions.googleapis.com/v1/projects/jordle-game/locations/-/functions [none]
[debug] [2022-04-29T02:57:28.343Z] <<< [apiv2][status] GET https://cloudfunctions.googleapis.com/v1/projects/jordle-game/locations/-/functions 200
[debug] [2022-04-29T02:57:28.344Z] <<< [apiv2][body] GET https://cloudfunctions.googleapis.com/v1/projects/jordle-game/locations/-/functions {"functions":[{"name":"projects/jordle-game/locations/us-central1/functions/app","httpsTrigger":{"url":"https://us-central1-jordle-game.cloudfunctions.net/app","securityLevel":"SECURE_ALWAYS"},"status":"ACTIVE","entryPoint":"app","timeout":"60s","availableMemoryMb":256,"serviceAccountEmail":"jordle-game@appspot.gserviceaccount.com","updateTime":"2022-04-29T02:56:17.620Z","versionId":"8","labels":{"deployment-tool":"cli-firebase"},"sourceUploadUrl":"https://storage.googleapis.com/uploads-819460640478.us-central1.cloudfunctions.appspot.com/b80059e2-9e26-4ab2-811e-698871520501.zip","environmentVariables":{"FIREBASE_CONFIG":"{\"projectId\":\"jordle-game\",\"storageBucket\":\"jordle-game.appspot.com\"}","GCLOUD_PROJECT":"jordle-game"},"runtime":"nodejs16","ingressSettings":"ALLOW_ALL","buildId":"c6593244-59ff-4e58-95b5-25f9bdfe04ee","buildName":"projects/587739046871/locations/us-central1/builds/c6593244-59ff-4e58-95b5-25f9bdfe04ee","dockerRegistry":"CONTAINER_REGISTRY"}]}
[debug] [2022-04-29T02:57:28.349Z] >>> [apiv2][query] GET https://firebase.googleapis.com/v1beta1/projects/jordle-game [none]
[debug] [2022-04-29T02:57:28.575Z] <<< [apiv2][status] GET https://firebase.googleapis.com/v1beta1/projects/jordle-game 200
[debug] [2022-04-29T02:57:28.576Z] <<< [apiv2][body] GET https://firebase.googleapis.com/v1beta1/projects/jordle-game {"projectId":"jordle-game","projectNumber":"587739046871","displayName":"jordle-game","name":"projects/jordle-game","resources":{"hostingSite":"jordle-game"},"state":"ACTIVE"}
[debug] [2022-04-29T02:57:28.579Z] >>> [apiv2][query] POST https://firebasehosting.googleapis.com/v1beta1/projects/587739046871/sites/jordle-game/versions [none]
[debug] [2022-04-29T02:57:28.579Z] >>> [apiv2][body] POST https://firebasehosting.googleapis.com/v1beta1/projects/587739046871/sites/jordle-game/versions {"config":{"rewrites":[{"glob":"/shoes","function":"app","functionRegion":"us-central1"},{"glob":"**","path":"/index.html"}]},"labels":{"deployment-tool":"cli-firebase"}}
[debug] [2022-04-29T02:57:29.159Z] <<< [apiv2][status] POST https://firebasehosting.googleapis.com/v1beta1/projects/587739046871/sites/jordle-game/versions 200
[debug] [2022-04-29T02:57:29.159Z] <<< [apiv2][body] POST https://firebasehosting.googleapis.com/v1beta1/projects/587739046871/sites/jordle-game/versions {"name":"projects/587739046871/sites/jordle-game/versions/6ce8ebb4db9fa9da","status":"CREATED","config":{"rewrites":[{"glob":"/shoes","function":"app"},{"glob":"**","path":"/index.html"}]},"labels":{"deployment-tool":"cli-firebase"}}
[debug] [2022-04-29T02:57:29.161Z] >>> [apiv2][query] POST https://cloudfunctions.googleapis.com/v1/projects/jordle-game/locations/us-central1/functions:generateUploadUrl [none]
[debug] [2022-04-29T02:57:29.161Z] >>> [apiv2][body] POST https://cloudfunctions.googleapis.com/v1/projects/jordle-game/locations/us-central1/functions:generateUploadUrl {}
[debug] [2022-04-29T02:57:29.771Z] <<< [apiv2][status] POST https://cloudfunctions.googleapis.com/v1/projects/jordle-game/locations/us-central1/functions:generateUploadUrl 200
[debug] [2022-04-29T02:57:29.771Z] <<< [apiv2][body] POST https://cloudfunctions.googleapis.com/v1/projects/jordle-game/locations/us-central1/functions:generateUploadUrl {"uploadUrl":"https://storage.googleapis.com/uploads-819460640478.us-central1.cloudfunctions.appspot.com/7c186b9b-c66d-475b-b9f1-930ee88d1a2d.zip?GoogleAccessId=service-587739046871@gcf-admin-robot.iam.gserviceaccount.com&Expires=1651202849&Signature=YKFQ3T62ypekuz4XvnDsWzCTVb9Ye8gB90Okp2cFNPsmXflhEaOUHyd2L3P1vAlqOUdZuGHrDE%2Fq0zFczlgnIPARs9wosRAN4Baq3YM1cdFaHixb3W0hMRLQn8L8ldIObhOcy74ycvFva1H%2B55dLUes%2B47vMSNN8craEU7BvrvBXM1suFGZX%2B4DiJuNbDDJVOa2WvAm2bZXEqEA1XzD1t7UwfsxvxS6Dqj2VXcOngnuvbzVQtnprTJMAMCkHlKIj0i24oEzI5NkdIyMfwh%2F2Olk7GSIrgrDvNLxeuZKcDyvuWCYnMsnLoXM0CdAAgrCaC%2Bp%2FVqecoY5%2F6p8VaoZr4g%3D%3D"}
[debug] [2022-04-29T02:57:29.773Z] >>> [apiv2][query] PUT https://storage.googleapis.com/uploads-819460640478.us-central1.cloudfunctions.appspot.com/7c186b9b-c66d-475b-b9f1-930ee88d1a2d.zip GoogleAccessId=service-587739046871%40gcf-admin-robot.iam.gserviceaccount.com&Expires=1651202849&Signature=YKFQ3T62ypekuz4XvnDsWzCTVb9Ye8gB90Okp2cFNPsmXflhEaOUHyd2L3P1vAlqOUdZuGHrDE%2Fq0zFczlgnIPARs9wosRAN4Baq3YM1cdFaHixb3W0hMRLQn8L8ldIObhOcy74ycvFva1H%2B55dLUes%2B47vMSNN8craEU7BvrvBXM1suFGZX%2B4DiJuNbDDJVOa2WvAm2bZXEqEA1XzD1t7UwfsxvxS6Dqj2VXcOngnuvbzVQtnprTJMAMCkHlKIj0i24oEzI5NkdIyMfwh%2F2Olk7GSIrgrDvNLxeuZKcDyvuWCYnMsnLoXM0CdAAgrCaC%2Bp%2FVqecoY5%2F6p8VaoZr4g%3D%3D
[debug] [2022-04-29T02:57:29.773Z] >>> [apiv2][body] PUT https://storage.googleapis.com/uploads-819460640478.us-central1.cloudfunctions.appspot.com/7c186b9b-c66d-475b-b9f1-930ee88d1a2d.zip [stream]
[debug] [2022-04-29T02:57:30.372Z] <<< [apiv2][status] PUT https://storage.googleapis.com/uploads-819460640478.us-central1.cloudfunctions.appspot.com/7c186b9b-c66d-475b-b9f1-930ee88d1a2d.zip 200
[debug] [2022-04-29T02:57:30.373Z] <<< [apiv2][body] PUT https://storage.googleapis.com/uploads-819460640478.us-central1.cloudfunctions.appspot.com/7c186b9b-c66d-475b-b9f1-930ee88d1a2d.zip [omitted]
[info] ✔  functions: functions folder uploaded successfully 
[info] i  hosting[jordle-game]: beginning deploy... 
[info] i  hosting[jordle-game]: found 14 files in build 
[debug] [2022-04-29T02:57:30.382Z] [hosting] uploading with 200 concurrency
[debug] [2022-04-29T02:57:30.473Z] [hosting] hash cache [YnVpbGQ] stored for 14 files
[debug] [2022-04-29T02:57:30.473Z] [hosting][hash queue][FINAL] {"max":85,"min":5,"avg":12.285714285714286,"active":0,"complete":14,"success":14,"errored":0,"retried":0,"total":14,"elapsed":89}
[debug] [2022-04-29T02:57:30.473Z] >>> [apiv2][query] POST https://firebasehosting.googleapis.com/v1beta1/projects/587739046871/sites/jordle-game/versions/6ce8ebb4db9fa9da:populateFiles [none]
[debug] [2022-04-29T02:57:30.473Z] >>> [apiv2][body] POST https://firebasehosting.googleapis.com/v1beta1/projects/587739046871/sites/jordle-game/versions/6ce8ebb4db9fa9da:populateFiles {"files":{"/asset-manifest.json":"f56dbeda801a84c1ec43c9117d9836e30c1764be845fbacbaeb53bbfd3aabcca","/index.html":"9febe5044edfe6122103ceae8109713f61a622fbeb711db8d615e8cd894b05b0","/manifest.json":"341d52628782f8ac9290bbfc43298afccb47b7cbfcee146ae30cf0f46bc30900","/robots.txt":"391d14b3c2f8c9143a27a28c7399585142228d4d1bdbe2c87ac946de411fa9a2","/favicon.ico":"b72f7455f00e4e58792d2bca892abb068e2213838c0316d6b7a0d6d16acd1955","/static/css/main.f1be52ca.css.map":"87292b205b3b191e6ec808bd5aee98d4ab9e997a868927f248935845f8931a8c","/static/css/main.f1be52ca.css":"dddd39e2c7828acbcaf358cd6469e934537858785027c3630f8675a91e6bd85e","/logo192.png":"caff018b7f1e8fd481eb1c50d75b0ef236bcd5078b1d15c8bb348453fee30293","/static/js/main.529e156d.js.LICENSE.txt":"2e0317bf47c29fb7d0485a53b66ae8cb58c98d0cbaf239efac64dd310dfdabda","/logo512.png":"191fc21360b4ccfb1cda11a1efb97f489ed22672ca83f4064316802bbfdd750e","/static/js/787.2d8c4a69.chunk.js":"1f9ce82bfb3e7aef9b919a48fc25a3f4e21bd19179debdda691fd9839cdf08e0","/static/js/787.2d8c4a69.chunk.js.map":"cb61b2c2ee71d67d56bc5ef2b17b2c29852c83bef10920c72a758f28bd405931","/static/js/main.529e156d.js":"0877d587e5140fb8310df4393aa2acc6835534eb9ed5435dcc4040a9e0467cf1","/static/js/main.529e156d.js.map":"6b2fa274fd9d378bb019b975989c9d6613ed06f875023e3f94e0737c197418cb"}}
[debug] [2022-04-29T02:57:30.824Z] <<< [apiv2][status] POST https://firebasehosting.googleapis.com/v1beta1/projects/587739046871/sites/jordle-game/versions/6ce8ebb4db9fa9da:populateFiles 200
[debug] [2022-04-29T02:57:30.824Z] <<< [apiv2][body] POST https://firebasehosting.googleapis.com/v1beta1/projects/587739046871/sites/jordle-game/versions/6ce8ebb4db9fa9da:populateFiles {"uploadUrl":"https://upload-firebasehosting.googleapis.com/upload/sites/jordle-game/versions/6ce8ebb4db9fa9da/files"}
[debug] [2022-04-29T02:57:30.824Z] [hosting][populate queue][FINAL] {"max":352,"min":352,"avg":352,"active":0,"complete":1,"success":1,"errored":0,"retried":0,"total":1,"elapsed":352}
[debug] [2022-04-29T02:57:30.824Z] [hosting] uploads queued: 0
[debug] [2022-04-29T02:57:30.825Z] [hosting][upload queue][FINAL] {"max":0,"min":9999999999,"avg":0,"active":0,"complete":0,"success":0,"errored":0,"retried":0,"total":0,"elapsed":1651201050825}
[info] ✔  hosting[jordle-game]: file upload complete 
[debug] [2022-04-29T02:57:30.825Z] [hosting] deploy completed after 451ms
[info] i  functions: updating Node.js 16 function app(us-central1)... 
[debug] [2022-04-29T02:57:30.828Z] >>> [apiv2][query] PATCH https://cloudfunctions.googleapis.com/v1/projects/jordle-game/locations/us-central1/functions/app updateMask=name%2CsourceUploadUrl%2CentryPoint%2Cruntime%2Clabels%2ChttpsTrigger.securityLevel%2CavailableMemoryMb%2CenvironmentVariables%2CsourceToken
[debug] [2022-04-29T02:57:30.828Z] >>> [apiv2][body] PATCH https://cloudfunctions.googleapis.com/v1/projects/jordle-game/locations/us-central1/functions/app {"name":"projects/jordle-game/locations/us-central1/functions/app","sourceUploadUrl":"https://storage.googleapis.com/uploads-819460640478.us-central1.cloudfunctions.appspot.com/7c186b9b-c66d-475b-b9f1-930ee88d1a2d.zip?GoogleAccessId=service-587739046871@gcf-admin-robot.iam.gserviceaccount.com&Expires=1651202849&Signature=YKFQ3T62ypekuz4XvnDsWzCTVb9Ye8gB90Okp2cFNPsmXflhEaOUHyd2L3P1vAlqOUdZuGHrDE%2Fq0zFczlgnIPARs9wosRAN4Baq3YM1cdFaHixb3W0hMRLQn8L8ldIObhOcy74ycvFva1H%2B55dLUes%2B47vMSNN8craEU7BvrvBXM1suFGZX%2B4DiJuNbDDJVOa2WvAm2bZXEqEA1XzD1t7UwfsxvxS6Dqj2VXcOngnuvbzVQtnprTJMAMCkHlKIj0i24oEzI5NkdIyMfwh%2F2Olk7GSIrgrDvNLxeuZKcDyvuWCYnMsnLoXM0CdAAgrCaC%2Bp%2FVqecoY5%2F6p8VaoZr4g%3D%3D","entryPoint":"app","runtime":"nodejs16","labels":{"deployment-tool":"cli-firebase"},"httpsTrigger":{"securityLevel":"SECURE_ALWAYS"},"availableMemoryMb":256,"environmentVariables":{"FIREBASE_CONFIG":"{\"projectId\":\"jordle-game\",\"storageBucket\":\"jordle-game.appspot.com\"}","GCLOUD_PROJECT":"jordle-game"}}
[debug] [2022-04-29T02:57:31.369Z] <<< [apiv2][status] PATCH https://cloudfunctions.googleapis.com/v1/projects/jordle-game/locations/us-central1/functions/app 200
[debug] [2022-04-29T02:57:31.369Z] <<< [apiv2][body] PATCH https://cloudfunctions.googleapis.com/v1/projects/jordle-game/locations/us-central1/functions/app {"name":"operations/am9yZGxlLWdhbWUvdXMtY2VudHJhbDEvYXBwL1l3cHJLbU50UUEw","metadata":{"@type":"type.googleapis.com/google.cloud.functions.v1.OperationMetadataV1","target":"projects/jordle-game/locations/us-central1/functions/app","type":"UPDATE_FUNCTION","request":{"@type":"type.googleapis.com/google.cloud.functions.v1.CloudFunction","name":"projects/jordle-game/locations/us-central1/functions/app","httpsTrigger":{"url":"https://us-central1-jordle-game.cloudfunctions.net/app","securityLevel":"SECURE_ALWAYS"},"status":"ACTIVE","entryPoint":"app","timeout":"60s","availableMemoryMb":256,"serviceAccountEmail":"jordle-game@appspot.gserviceaccount.com","updateTime":"2022-04-29T02:56:17.620Z","versionId":"8","labels":{"deployment-tool":"cli-firebase"},"sourceUploadUrl":"https://storage.googleapis.com/uploads-819460640478.us-central1.cloudfunctions.appspot.com/7c186b9b-c66d-475b-b9f1-930ee88d1a2d.zip?GoogleAccessId=service-587739046871@gcf-admin-robot.iam.gserviceaccount.com&Expires=1651202849&Signature=YKFQ3T62ypekuz4XvnDsWzCTVb9Ye8gB90Okp2cFNPsmXflhEaOUHyd2L3P1vAlqOUdZuGHrDE%2Fq0zFczlgnIPARs9wosRAN4Baq3YM1cdFaHixb3W0hMRLQn8L8ldIObhOcy74ycvFva1H%2B55dLUes%2B47vMSNN8craEU7BvrvBXM1suFGZX%2B4DiJuNbDDJVOa2WvAm2bZXEqEA1XzD1t7UwfsxvxS6Dqj2VXcOngnuvbzVQtnprTJMAMCkHlKIj0i24oEzI5NkdIyMfwh%2F2Olk7GSIrgrDvNLxeuZKcDyvuWCYnMsnLoXM0CdAAgrCaC%2Bp%2FVqecoY5%2F6p8VaoZr4g%3D%3D","environmentVariables":{"FIREBASE_CONFIG":"{\"projectId\":\"jordle-game\",\"storageBucket\":\"jordle-game.appspot.com\"}","GCLOUD_PROJECT":"jordle-game"},"runtime":"nodejs16","ingressSettings":"ALLOW_ALL","buildId":"c6593244-59ff-4e58-95b5-25f9bdfe04ee","buildName":"projects/587739046871/locations/us-central1/builds/c6593244-59ff-4e58-95b5-25f9bdfe04ee","dockerRegistry":"CONTAINER_REGISTRY"},"versionId":"9","updateTime":"2022-04-29T02:57:31Z"}}
[debug] [2022-04-29T02:57:31.371Z] >>> [apiv2][query] GET https://cloudfunctions.googleapis.com/v1/operations/am9yZGxlLWdhbWUvdXMtY2VudHJhbDEvYXBwL1l3cHJLbU50UUEw [none]
[debug] [2022-04-29T02:57:31.592Z] <<< [apiv2][status] GET https://cloudfunctions.googleapis.com/v1/operations/am9yZGxlLWdhbWUvdXMtY2VudHJhbDEvYXBwL1l3cHJLbU50UUEw 200
[debug] [2022-04-29T02:57:31.592Z] <<< [apiv2][body] GET https://cloudfunctions.googleapis.com/v1/operations/am9yZGxlLWdhbWUvdXMtY2VudHJhbDEvYXBwL1l3cHJLbU50UUEw {"name":"operations/am9yZGxlLWdhbWUvdXMtY2VudHJhbDEvYXBwL1l3cHJLbU50UUEw","metadata":{"@type":"type.googleapis.com/google.cloud.functions.v1.OperationMetadataV1","target":"projects/jordle-game/locations/us-central1/functions/app","type":"UPDATE_FUNCTION","request":{"@type":"type.googleapis.com/google.cloud.functions.v1.CloudFunction","name":"projects/jordle-game/locations/us-central1/functions/app","httpsTrigger":{"url":"https://us-central1-jordle-game.cloudfunctions.net/app","securityLevel":"SECURE_ALWAYS"},"status":"ACTIVE","entryPoint":"app","timeout":"60s","availableMemoryMb":256,"serviceAccountEmail":"jordle-game@appspot.gserviceaccount.com","updateTime":"2022-04-29T02:56:17.620Z","versionId":"8","labels":{"deployment-tool":"cli-firebase"},"sourceUploadUrl":"https://storage.googleapis.com/uploads-819460640478.us-central1.cloudfunctions.appspot.com/7c186b9b-c66d-475b-b9f1-930ee88d1a2d.zip?GoogleAccessId=service-587739046871@gcf-admin-robot.iam.gserviceaccount.com&Expires=1651202849&Signature=YKFQ3T62ypekuz4XvnDsWzCTVb9Ye8gB90Okp2cFNPsmXflhEaOUHyd2L3P1vAlqOUdZuGHrDE%2Fq0zFczlgnIPARs9wosRAN4Baq3YM1cdFaHixb3W0hMRLQn8L8ldIObhOcy74ycvFva1H%2B55dLUes%2B47vMSNN8craEU7BvrvBXM1suFGZX%2B4DiJuNbDDJVOa2WvAm2bZXEqEA1XzD1t7UwfsxvxS6Dqj2VXcOngnuvbzVQtnprTJMAMCkHlKIj0i24oEzI5NkdIyMfwh%2F2Olk7GSIrgrDvNLxeuZKcDyvuWCYnMsnLoXM0CdAAgrCaC%2Bp%2FVqecoY5%2F6p8VaoZr4g%3D%3D","environmentVariables":{"FIREBASE_CONFIG":"{\"projectId\":\"jordle-game\",\"storageBucket\":\"jordle-game.appspot.com\"}","GCLOUD_PROJECT":"jordle-game"},"runtime":"nodejs16","ingressSettings":"ALLOW_ALL","buildId":"c6593244-59ff-4e58-95b5-25f9bdfe04ee","buildName":"projects/587739046871/locations/us-central1/builds/c6593244-59ff-4e58-95b5-25f9bdfe04ee","dockerRegistry":"CONTAINER_REGISTRY"},"versionId":"9","updateTime":"2022-04-29T02:57:31Z"}}
[debug] [2022-04-29T02:57:32.094Z] [update-default-us-central1-app] Retrying task index 0
[debug] [2022-04-29T02:57:32.095Z] >>> [apiv2][query] GET https://cloudfunctions.googleapis.com/v1/operations/am9yZGxlLWdhbWUvdXMtY2VudHJhbDEvYXBwL1l3cHJLbU50UUEw [none]
[debug] [2022-04-29T02:57:32.343Z] <<< [apiv2][status] GET https://cloudfunctions.googleapis.com/v1/operations/am9yZGxlLWdhbWUvdXMtY2VudHJhbDEvYXBwL1l3cHJLbU50UUEw 200
[debug] [2022-04-29T02:57:32.344Z] <<< [apiv2][body] GET https://cloudfunctions.googleapis.com/v1/operations/am9yZGxlLWdhbWUvdXMtY2VudHJhbDEvYXBwL1l3cHJLbU50UUEw {"name":"operations/am9yZGxlLWdhbWUvdXMtY2VudHJhbDEvYXBwL1l3cHJLbU50UUEw","metadata":{"@type":"type.googleapis.com/google.cloud.functions.v1.OperationMetadataV1","target":"projects/jordle-game/locations/us-central1/functions/app","type":"UPDATE_FUNCTION","request":{"@type":"type.googleapis.com/google.cloud.functions.v1.CloudFunction","name":"projects/jordle-game/locations/us-central1/functions/app","httpsTrigger":{"url":"https://us-central1-jordle-game.cloudfunctions.net/app","securityLevel":"SECURE_ALWAYS"},"status":"ACTIVE","entryPoint":"app","timeout":"60s","availableMemoryMb":256,"serviceAccountEmail":"jordle-game@appspot.gserviceaccount.com","updateTime":"2022-04-29T02:56:17.620Z","versionId":"8","labels":{"deployment-tool":"cli-firebase"},"sourceUploadUrl":"https://storage.googleapis.com/uploads-819460640478.us-central1.cloudfunctions.appspot.com/7c186b9b-c66d-475b-b9f1-930ee88d1a2d.zip?GoogleAccessId=service-587739046871@gcf-admin-robot.iam.gserviceaccount.com&Expires=1651202849&Signature=YKFQ3T62ypekuz4XvnDsWzCTVb9Ye8gB90Okp2cFNPsmXflhEaOUHyd2L3P1vAlqOUdZuGHrDE%2Fq0zFczlgnIPARs9wosRAN4Baq3YM1cdFaHixb3W0hMRLQn8L8ldIObhOcy74ycvFva1H%2B55dLUes%2B47vMSNN8craEU7BvrvBXM1suFGZX%2B4DiJuNbDDJVOa2WvAm2bZXEqEA1XzD1t7UwfsxvxS6Dqj2VXcOngnuvbzVQtnprTJMAMCkHlKIj0i24oEzI5NkdIyMfwh%2F2Olk7GSIrgrDvNLxeuZKcDyvuWCYnMsnLoXM0CdAAgrCaC%2Bp%2FVqecoY5%2F6p8VaoZr4g%3D%3D","environmentVariables":{"FIREBASE_CONFIG":"{\"projectId\":\"jordle-game\",\"storageBucket\":\"jordle-game.appspot.com\"}","GCLOUD_PROJECT":"jordle-game"},"runtime":"nodejs16","ingressSettings":"ALLOW_ALL","buildId":"c6593244-59ff-4e58-95b5-25f9bdfe04ee","buildName":"projects/587739046871/locations/us-central1/builds/c6593244-59ff-4e58-95b5-25f9bdfe04ee","dockerRegistry":"CONTAINER_REGISTRY"},"versionId":"9","updateTime":"2022-04-29T02:57:31Z","buildId":"bf1f8bfe-26e1-4195-9b9b-d1e8f00a73e0","buildName":"projects/587739046871/locations/us-central1/builds/bf1f8bfe-26e1-4195-9b9b-d1e8f00a73e0"}}
[debug] [2022-04-29T02:57:33.346Z] [update-default-us-central1-app] Retrying task index 0
[debug] [2022-04-29T02:57:33.346Z] >>> [apiv2][query] GET https://cloudfunctions.googleapis.com/v1/operations/am9yZGxlLWdhbWUvdXMtY2VudHJhbDEvYXBwL1l3cHJLbU50UUEw [none]
[debug] [2022-04-29T02:57:33.574Z] <<< [apiv2][status] GET https://cloudfunctions.googleapis.com/v1/operations/am9yZGxlLWdhbWUvdXMtY2VudHJhbDEvYXBwL1l3cHJLbU50UUEw 200
[debug] [2022-04-29T02:57:33.575Z] <<< [apiv2][body] GET https://cloudfunctions.googleapis.com/v1/operations/am9yZGxlLWdhbWUvdXMtY2VudHJhbDEvYXBwL1l3cHJLbU50UUEw {"name":"operations/am9yZGxlLWdhbWUvdXMtY2VudHJhbDEvYXBwL1l3cHJLbU50UUEw","metadata":{"@type":"type.googleapis.com/google.cloud.functions.v1.OperationMetadataV1","target":"projects/jordle-game/locations/us-central1/functions/app","type":"UPDATE_FUNCTION","request":{"@type":"type.googleapis.com/google.cloud.functions.v1.CloudFunction","name":"projects/jordle-game/locations/us-central1/functions/app","httpsTrigger":{"url":"https://us-central1-jordle-game.cloudfunctions.net/app","securityLevel":"SECURE_ALWAYS"},"status":"ACTIVE","entryPoint":"app","timeout":"60s","availableMemoryMb":256,"serviceAccountEmail":"jordle-game@appspot.gserviceaccount.com","updateTime":"2022-04-29T02:56:17.620Z","versionId":"8","labels":{"deployment-tool":"cli-firebase"},"sourceUploadUrl":"https://storage.googleapis.com/uploads-819460640478.us-central1.cloudfunctions.appspot.com/7c186b9b-c66d-475b-b9f1-930ee88d1a2d.zip?GoogleAccessId=service-587739046871@gcf-admin-robot.iam.gserviceaccount.com&Expires=1651202849&Signature=YKFQ3T62ypekuz4XvnDsWzCTVb9Ye8gB90Okp2cFNPsmXflhEaOUHyd2L3P1vAlqOUdZuGHrDE%2Fq0zFczlgnIPARs9wosRAN4Baq3YM1cdFaHixb3W0hMRLQn8L8ldIObhOcy74ycvFva1H%2B55dLUes%2B47vMSNN8craEU7BvrvBXM1suFGZX%2B4DiJuNbDDJVOa2WvAm2bZXEqEA1XzD1t7UwfsxvxS6Dqj2VXcOngnuvbzVQtnprTJMAMCkHlKIj0i24oEzI5NkdIyMfwh%2F2Olk7GSIrgrDvNLxeuZKcDyvuWCYnMsnLoXM0CdAAgrCaC%2Bp%2FVqecoY5%2F6p8VaoZr4g%3D%3D","environmentVariables":{"FIREBASE_CONFIG":"{\"projectId\":\"jordle-game\",\"storageBucket\":\"jordle-game.appspot.com\"}","GCLOUD_PROJECT":"jordle-game"},"runtime":"nodejs16","ingressSettings":"ALLOW_ALL","buildId":"c6593244-59ff-4e58-95b5-25f9bdfe04ee","buildName":"projects/587739046871/locations/us-central1/builds/c6593244-59ff-4e58-95b5-25f9bdfe04ee","dockerRegistry":"CONTAINER_REGISTRY"},"versionId":"9","updateTime":"2022-04-29T02:57:31Z","buildId":"bf1f8bfe-26e1-4195-9b9b-d1e8f00a73e0","buildName":"projects/587739046871/locations/us-central1/builds/bf1f8bfe-26e1-4195-9b9b-d1e8f00a73e0"}}
[debug] [2022-04-29T02:57:35.576Z] [update-default-us-central1-app] Retrying task index 0
[debug] [2022-04-29T02:57:35.579Z] >>> [apiv2][query] GET https://cloudfunctions.googleapis.com/v1/operations/am9yZGxlLWdhbWUvdXMtY2VudHJhbDEvYXBwL1l3cHJLbU50UUEw [none]
[debug] [2022-04-29T02:57:35.799Z] <<< [apiv2][status] GET https://cloudfunctions.googleapis.com/v1/operations/am9yZGxlLWdhbWUvdXMtY2VudHJhbDEvYXBwL1l3cHJLbU50UUEw 200
[debug] [2022-04-29T02:57:35.799Z] <<< [apiv2][body] GET https://cloudfunctions.googleapis.com/v1/operations/am9yZGxlLWdhbWUvdXMtY2VudHJhbDEvYXBwL1l3cHJLbU50UUEw {"name":"operations/am9yZGxlLWdhbWUvdXMtY2VudHJhbDEvYXBwL1l3cHJLbU50UUEw","metadata":{"@type":"type.googleapis.com/google.cloud.functions.v1.OperationMetadataV1","target":"projects/jordle-game/locations/us-central1/functions/app","type":"UPDATE_FUNCTION","request":{"@type":"type.googleapis.com/google.cloud.functions.v1.CloudFunction","name":"projects/jordle-game/locations/us-central1/functions/app","httpsTrigger":{"url":"https://us-central1-jordle-game.cloudfunctions.net/app","securityLevel":"SECURE_ALWAYS"},"status":"ACTIVE","entryPoint":"app","timeout":"60s","availableMemoryMb":256,"serviceAccountEmail":"jordle-game@appspot.gserviceaccount.com","updateTime":"2022-04-29T02:56:17.620Z","versionId":"8","labels":{"deployment-tool":"cli-firebase"},"sourceUploadUrl":"https://storage.googleapis.com/uploads-819460640478.us-central1.cloudfunctions.appspot.com/7c186b9b-c66d-475b-b9f1-930ee88d1a2d.zip?GoogleAccessId=service-587739046871@gcf-admin-robot.iam.gserviceaccount.com&Expires=1651202849&Signature=YKFQ3T62ypekuz4XvnDsWzCTVb9Ye8gB90Okp2cFNPsmXflhEaOUHyd2L3P1vAlqOUdZuGHrDE%2Fq0zFczlgnIPARs9wosRAN4Baq3YM1cdFaHixb3W0hMRLQn8L8ldIObhOcy74ycvFva1H%2B55dLUes%2B47vMSNN8craEU7BvrvBXM1suFGZX%2B4DiJuNbDDJVOa2WvAm2bZXEqEA1XzD1t7UwfsxvxS6Dqj2VXcOngnuvbzVQtnprTJMAMCkHlKIj0i24oEzI5NkdIyMfwh%2F2Olk7GSIrgrDvNLxeuZKcDyvuWCYnMsnLoXM0CdAAgrCaC%2Bp%2FVqecoY5%2F6p8VaoZr4g%3D%3D","environmentVariables":{"FIREBASE_CONFIG":"{\"projectId\":\"jordle-game\",\"storageBucket\":\"jordle-game.appspot.com\"}","GCLOUD_PROJECT":"jordle-game"},"runtime":"nodejs16","ingressSettings":"ALLOW_ALL","buildId":"c6593244-59ff-4e58-95b5-25f9bdfe04ee","buildName":"projects/587739046871/locations/us-central1/builds/c6593244-59ff-4e58-95b5-25f9bdfe04ee","dockerRegistry":"CONTAINER_REGISTRY"},"versionId":"9","updateTime":"2022-04-29T02:57:31Z","buildId":"bf1f8bfe-26e1-4195-9b9b-d1e8f00a73e0","buildName":"projects/587739046871/locations/us-central1/builds/bf1f8bfe-26e1-4195-9b9b-d1e8f00a73e0"}}
[debug] [2022-04-29T02:57:39.800Z] [update-default-us-central1-app] Retrying task index 0
[debug] [2022-04-29T02:57:39.801Z] >>> [apiv2][query] GET https://cloudfunctions.googleapis.com/v1/operations/am9yZGxlLWdhbWUvdXMtY2VudHJhbDEvYXBwL1l3cHJLbU50UUEw [none]
[debug] [2022-04-29T02:57:40.036Z] <<< [apiv2][status] GET https://cloudfunctions.googleapis.com/v1/operations/am9yZGxlLWdhbWUvdXMtY2VudHJhbDEvYXBwL1l3cHJLbU50UUEw 200
[debug] [2022-04-29T02:57:40.037Z] <<< [apiv2][body] GET https://cloudfunctions.googleapis.com/v1/operations/am9yZGxlLWdhbWUvdXMtY2VudHJhbDEvYXBwL1l3cHJLbU50UUEw {"name":"operations/am9yZGxlLWdhbWUvdXMtY2VudHJhbDEvYXBwL1l3cHJLbU50UUEw","metadata":{"@type":"type.googleapis.com/google.cloud.functions.v1.OperationMetadataV1","target":"projects/jordle-game/locations/us-central1/functions/app","type":"UPDATE_FUNCTION","request":{"@type":"type.googleapis.com/google.cloud.functions.v1.CloudFunction","name":"projects/jordle-game/locations/us-central1/functions/app","httpsTrigger":{"url":"https://us-central1-jordle-game.cloudfunctions.net/app","securityLevel":"SECURE_ALWAYS"},"status":"ACTIVE","entryPoint":"app","timeout":"60s","availableMemoryMb":256,"serviceAccountEmail":"jordle-game@appspot.gserviceaccount.com","updateTime":"2022-04-29T02:56:17.620Z","versionId":"8","labels":{"deployment-tool":"cli-firebase"},"sourceUploadUrl":"https://storage.googleapis.com/uploads-819460640478.us-central1.cloudfunctions.appspot.com/7c186b9b-c66d-475b-b9f1-930ee88d1a2d.zip?GoogleAccessId=service-587739046871@gcf-admin-robot.iam.gserviceaccount.com&Expires=1651202849&Signature=YKFQ3T62ypekuz4XvnDsWzCTVb9Ye8gB90Okp2cFNPsmXflhEaOUHyd2L3P1vAlqOUdZuGHrDE%2Fq0zFczlgnIPARs9wosRAN4Baq3YM1cdFaHixb3W0hMRLQn8L8ldIObhOcy74ycvFva1H%2B55dLUes%2B47vMSNN8craEU7BvrvBXM1suFGZX%2B4DiJuNbDDJVOa2WvAm2bZXEqEA1XzD1t7UwfsxvxS6Dqj2VXcOngnuvbzVQtnprTJMAMCkHlKIj0i24oEzI5NkdIyMfwh%2F2Olk7GSIrgrDvNLxeuZKcDyvuWCYnMsnLoXM0CdAAgrCaC%2Bp%2FVqecoY5%2F6p8VaoZr4g%3D%3D","environmentVariables":{"FIREBASE_CONFIG":"{\"projectId\":\"jordle-game\",\"storageBucket\":\"jordle-game.appspot.com\"}","GCLOUD_PROJECT":"jordle-game"},"runtime":"nodejs16","ingressSettings":"ALLOW_ALL","buildId":"c6593244-59ff-4e58-95b5-25f9bdfe04ee","buildName":"projects/587739046871/locations/us-central1/builds/c6593244-59ff-4e58-95b5-25f9bdfe04ee","dockerRegistry":"CONTAINER_REGISTRY"},"versionId":"9","updateTime":"2022-04-29T02:57:31Z","buildId":"bf1f8bfe-26e1-4195-9b9b-d1e8f00a73e0","buildName":"projects/587739046871/locations/us-central1/builds/bf1f8bfe-26e1-4195-9b9b-d1e8f00a73e0"}}
[debug] [2022-04-29T02:57:48.037Z] [update-default-us-central1-app] Retrying task index 0
[debug] [2022-04-29T02:57:48.038Z] >>> [apiv2][query] GET https://cloudfunctions.googleapis.com/v1/operations/am9yZGxlLWdhbWUvdXMtY2VudHJhbDEvYXBwL1l3cHJLbU50UUEw [none]
[debug] [2022-04-29T02:57:48.273Z] <<< [apiv2][status] GET https://cloudfunctions.googleapis.com/v1/operations/am9yZGxlLWdhbWUvdXMtY2VudHJhbDEvYXBwL1l3cHJLbU50UUEw 200
[debug] [2022-04-29T02:57:48.274Z] <<< [apiv2][body] GET https://cloudfunctions.googleapis.com/v1/operations/am9yZGxlLWdhbWUvdXMtY2VudHJhbDEvYXBwL1l3cHJLbU50UUEw {"name":"operations/am9yZGxlLWdhbWUvdXMtY2VudHJhbDEvYXBwL1l3cHJLbU50UUEw","metadata":{"@type":"type.googleapis.com/google.cloud.functions.v1.OperationMetadataV1","target":"projects/jordle-game/locations/us-central1/functions/app","type":"UPDATE_FUNCTION","request":{"@type":"type.googleapis.com/google.cloud.functions.v1.CloudFunction","name":"projects/jordle-game/locations/us-central1/functions/app","httpsTrigger":{"url":"https://us-central1-jordle-game.cloudfunctions.net/app","securityLevel":"SECURE_ALWAYS"},"status":"ACTIVE","entryPoint":"app","timeout":"60s","availableMemoryMb":256,"serviceAccountEmail":"jordle-game@appspot.gserviceaccount.com","updateTime":"2022-04-29T02:56:17.620Z","versionId":"8","labels":{"deployment-tool":"cli-firebase"},"sourceUploadUrl":"https://storage.googleapis.com/uploads-819460640478.us-central1.cloudfunctions.appspot.com/7c186b9b-c66d-475b-b9f1-930ee88d1a2d.zip?GoogleAccessId=service-587739046871@gcf-admin-robot.iam.gserviceaccount.com&Expires=1651202849&Signature=YKFQ3T62ypekuz4XvnDsWzCTVb9Ye8gB90Okp2cFNPsmXflhEaOUHyd2L3P1vAlqOUdZuGHrDE%2Fq0zFczlgnIPARs9wosRAN4Baq3YM1cdFaHixb3W0hMRLQn8L8ldIObhOcy74ycvFva1H%2B55dLUes%2B47vMSNN8craEU7BvrvBXM1suFGZX%2B4DiJuNbDDJVOa2WvAm2bZXEqEA1XzD1t7UwfsxvxS6Dqj2VXcOngnuvbzVQtnprTJMAMCkHlKIj0i24oEzI5NkdIyMfwh%2F2Olk7GSIrgrDvNLxeuZKcDyvuWCYnMsnLoXM0CdAAgrCaC%2Bp%2FVqecoY5%2F6p8VaoZr4g%3D%3D","environmentVariables":{"FIREBASE_CONFIG":"{\"projectId\":\"jordle-game\",\"storageBucket\":\"jordle-game.appspot.com\"}","GCLOUD_PROJECT":"jordle-game"},"runtime":"nodejs16","ingressSettings":"ALLOW_ALL","buildId":"c6593244-59ff-4e58-95b5-25f9bdfe04ee","buildName":"projects/587739046871/locations/us-central1/builds/c6593244-59ff-4e58-95b5-25f9bdfe04ee","dockerRegistry":"CONTAINER_REGISTRY"},"versionId":"9","updateTime":"2022-04-29T02:57:31Z","buildId":"bf1f8bfe-26e1-4195-9b9b-d1e8f00a73e0","buildName":"projects/587739046871/locations/us-central1/builds/bf1f8bfe-26e1-4195-9b9b-d1e8f00a73e0"}}
[debug] [2022-04-29T02:57:58.276Z] [update-default-us-central1-app] Retrying task index 0
[debug] [2022-04-29T02:57:58.277Z] >>> [apiv2][query] GET https://cloudfunctions.googleapis.com/v1/operations/am9yZGxlLWdhbWUvdXMtY2VudHJhbDEvYXBwL1l3cHJLbU50UUEw [none]
[debug] [2022-04-29T02:57:58.495Z] <<< [apiv2][status] GET https://cloudfunctions.googleapis.com/v1/operations/am9yZGxlLWdhbWUvdXMtY2VudHJhbDEvYXBwL1l3cHJLbU50UUEw 200
[debug] [2022-04-29T02:57:58.495Z] <<< [apiv2][body] GET https://cloudfunctions.googleapis.com/v1/operations/am9yZGxlLWdhbWUvdXMtY2VudHJhbDEvYXBwL1l3cHJLbU50UUEw {"name":"operations/am9yZGxlLWdhbWUvdXMtY2VudHJhbDEvYXBwL1l3cHJLbU50UUEw","metadata":{"@type":"type.googleapis.com/google.cloud.functions.v1.OperationMetadataV1","target":"projects/jordle-game/locations/us-central1/functions/app","type":"UPDATE_FUNCTION","request":{"@type":"type.googleapis.com/google.cloud.functions.v1.CloudFunction","name":"projects/jordle-game/locations/us-central1/functions/app","httpsTrigger":{"url":"https://us-central1-jordle-game.cloudfunctions.net/app","securityLevel":"SECURE_ALWAYS"},"status":"ACTIVE","entryPoint":"app","timeout":"60s","availableMemoryMb":256,"serviceAccountEmail":"jordle-game@appspot.gserviceaccount.com","updateTime":"2022-04-29T02:56:17.620Z","versionId":"8","labels":{"deployment-tool":"cli-firebase"},"sourceUploadUrl":"https://storage.googleapis.com/uploads-819460640478.us-central1.cloudfunctions.appspot.com/7c186b9b-c66d-475b-b9f1-930ee88d1a2d.zip?GoogleAccessId=service-587739046871@gcf-admin-robot.iam.gserviceaccount.com&Expires=1651202849&Signature=YKFQ3T62ypekuz4XvnDsWzCTVb9Ye8gB90Okp2cFNPsmXflhEaOUHyd2L3P1vAlqOUdZuGHrDE%2Fq0zFczlgnIPARs9wosRAN4Baq3YM1cdFaHixb3W0hMRLQn8L8ldIObhOcy74ycvFva1H%2B55dLUes%2B47vMSNN8craEU7BvrvBXM1suFGZX%2B4DiJuNbDDJVOa2WvAm2bZXEqEA1XzD1t7UwfsxvxS6Dqj2VXcOngnuvbzVQtnprTJMAMCkHlKIj0i24oEzI5NkdIyMfwh%2F2Olk7GSIrgrDvNLxeuZKcDyvuWCYnMsnLoXM0CdAAgrCaC%2Bp%2FVqecoY5%2F6p8VaoZr4g%3D%3D","environmentVariables":{"FIREBASE_CONFIG":"{\"projectId\":\"jordle-game\",\"storageBucket\":\"jordle-game.appspot.com\"}","GCLOUD_PROJECT":"jordle-game"},"runtime":"nodejs16","ingressSettings":"ALLOW_ALL","buildId":"c6593244-59ff-4e58-95b5-25f9bdfe04ee","buildName":"projects/587739046871/locations/us-central1/builds/c6593244-59ff-4e58-95b5-25f9bdfe04ee","dockerRegistry":"CONTAINER_REGISTRY"},"versionId":"9","updateTime":"2022-04-29T02:57:31Z","buildId":"bf1f8bfe-26e1-4195-9b9b-d1e8f00a73e0","buildName":"projects/587739046871/locations/us-central1/builds/bf1f8bfe-26e1-4195-9b9b-d1e8f00a73e0"}}
[debug] [2022-04-29T02:58:08.497Z] [update-default-us-central1-app] Retrying task index 0
[debug] [2022-04-29T02:58:08.498Z] >>> [apiv2][query] GET https://cloudfunctions.googleapis.com/v1/operations/am9yZGxlLWdhbWUvdXMtY2VudHJhbDEvYXBwL1l3cHJLbU50UUEw [none]
[debug] [2022-04-29T02:58:08.710Z] <<< [apiv2][status] GET https://cloudfunctions.googleapis.com/v1/operations/am9yZGxlLWdhbWUvdXMtY2VudHJhbDEvYXBwL1l3cHJLbU50UUEw 200
[debug] [2022-04-29T02:58:08.710Z] <<< [apiv2][body] GET https://cloudfunctions.googleapis.com/v1/operations/am9yZGxlLWdhbWUvdXMtY2VudHJhbDEvYXBwL1l3cHJLbU50UUEw {"name":"operations/am9yZGxlLWdhbWUvdXMtY2VudHJhbDEvYXBwL1l3cHJLbU50UUEw","metadata":{"@type":"type.googleapis.com/google.cloud.functions.v1.OperationMetadataV1","target":"projects/jordle-game/locations/us-central1/functions/app","type":"UPDATE_FUNCTION","request":{"@type":"type.googleapis.com/google.cloud.functions.v1.CloudFunction","name":"projects/jordle-game/locations/us-central1/functions/app","httpsTrigger":{"url":"https://us-central1-jordle-game.cloudfunctions.net/app","securityLevel":"SECURE_ALWAYS"},"status":"ACTIVE","entryPoint":"app","timeout":"60s","availableMemoryMb":256,"serviceAccountEmail":"jordle-game@appspot.gserviceaccount.com","updateTime":"2022-04-29T02:56:17.620Z","versionId":"8","labels":{"deployment-tool":"cli-firebase"},"sourceUploadUrl":"https://storage.googleapis.com/uploads-819460640478.us-central1.cloudfunctions.appspot.com/7c186b9b-c66d-475b-b9f1-930ee88d1a2d.zip?GoogleAccessId=service-587739046871@gcf-admin-robot.iam.gserviceaccount.com&Expires=1651202849&Signature=YKFQ3T62ypekuz4XvnDsWzCTVb9Ye8gB90Okp2cFNPsmXflhEaOUHyd2L3P1vAlqOUdZuGHrDE%2Fq0zFczlgnIPARs9wosRAN4Baq3YM1cdFaHixb3W0hMRLQn8L8ldIObhOcy74ycvFva1H%2B55dLUes%2B47vMSNN8craEU7BvrvBXM1suFGZX%2B4DiJuNbDDJVOa2WvAm2bZXEqEA1XzD1t7UwfsxvxS6Dqj2VXcOngnuvbzVQtnprTJMAMCkHlKIj0i24oEzI5NkdIyMfwh%2F2Olk7GSIrgrDvNLxeuZKcDyvuWCYnMsnLoXM0CdAAgrCaC%2Bp%2FVqecoY5%2F6p8VaoZr4g%3D%3D","environmentVariables":{"FIREBASE_CONFIG":"{\"projectId\":\"jordle-game\",\"storageBucket\":\"jordle-game.appspot.com\"}","GCLOUD_PROJECT":"jordle-game"},"runtime":"nodejs16","ingressSettings":"ALLOW_ALL","buildId":"c6593244-59ff-4e58-95b5-25f9bdfe04ee","buildName":"projects/587739046871/locations/us-central1/builds/c6593244-59ff-4e58-95b5-25f9bdfe04ee","dockerRegistry":"CONTAINER_REGISTRY"},"versionId":"9","updateTime":"2022-04-29T02:57:31Z","buildId":"bf1f8bfe-26e1-4195-9b9b-d1e8f00a73e0","buildName":"projects/587739046871/locations/us-central1/builds/bf1f8bfe-26e1-4195-9b9b-d1e8f00a73e0"}}
[debug] [2022-04-29T02:58:18.712Z] [update-default-us-central1-app] Retrying task index 0
[debug] [2022-04-29T02:58:18.712Z] >>> [apiv2][query] GET https://cloudfunctions.googleapis.com/v1/operations/am9yZGxlLWdhbWUvdXMtY2VudHJhbDEvYXBwL1l3cHJLbU50UUEw [none]
[debug] [2022-04-29T02:58:19.314Z] <<< [apiv2][status] GET https://cloudfunctions.googleapis.com/v1/operations/am9yZGxlLWdhbWUvdXMtY2VudHJhbDEvYXBwL1l3cHJLbU50UUEw 200
[debug] [2022-04-29T02:58:19.314Z] <<< [apiv2][body] GET https://cloudfunctions.googleapis.com/v1/operations/am9yZGxlLWdhbWUvdXMtY2VudHJhbDEvYXBwL1l3cHJLbU50UUEw {"name":"operations/am9yZGxlLWdhbWUvdXMtY2VudHJhbDEvYXBwL1l3cHJLbU50UUEw","metadata":{"@type":"type.googleapis.com/google.cloud.functions.v1.OperationMetadataV1","target":"projects/jordle-game/locations/us-central1/functions/app","type":"UPDATE_FUNCTION","request":{"@type":"type.googleapis.com/google.cloud.functions.v1.CloudFunction","name":"projects/jordle-game/locations/us-central1/functions/app","httpsTrigger":{"url":"https://us-central1-jordle-game.cloudfunctions.net/app","securityLevel":"SECURE_ALWAYS"},"status":"ACTIVE","entryPoint":"app","timeout":"60s","availableMemoryMb":256,"serviceAccountEmail":"jordle-game@appspot.gserviceaccount.com","updateTime":"2022-04-29T02:56:17.620Z","versionId":"8","labels":{"deployment-tool":"cli-firebase"},"sourceUploadUrl":"https://storage.googleapis.com/uploads-819460640478.us-central1.cloudfunctions.appspot.com/7c186b9b-c66d-475b-b9f1-930ee88d1a2d.zip?GoogleAccessId=service-587739046871@gcf-admin-robot.iam.gserviceaccount.com&Expires=1651202849&Signature=YKFQ3T62ypekuz4XvnDsWzCTVb9Ye8gB90Okp2cFNPsmXflhEaOUHyd2L3P1vAlqOUdZuGHrDE%2Fq0zFczlgnIPARs9wosRAN4Baq3YM1cdFaHixb3W0hMRLQn8L8ldIObhOcy74ycvFva1H%2B55dLUes%2B47vMSNN8craEU7BvrvBXM1suFGZX%2B4DiJuNbDDJVOa2WvAm2bZXEqEA1XzD1t7UwfsxvxS6Dqj2VXcOngnuvbzVQtnprTJMAMCkHlKIj0i24oEzI5NkdIyMfwh%2F2Olk7GSIrgrDvNLxeuZKcDyvuWCYnMsnLoXM0CdAAgrCaC%2Bp%2FVqecoY5%2F6p8VaoZr4g%3D%3D","environmentVariables":{"FIREBASE_CONFIG":"{\"projectId\":\"jordle-game\",\"storageBucket\":\"jordle-game.appspot.com\"}","GCLOUD_PROJECT":"jordle-game"},"runtime":"nodejs16","ingressSettings":"ALLOW_ALL","buildId":"c6593244-59ff-4e58-95b5-25f9bdfe04ee","buildName":"projects/587739046871/locations/us-central1/builds/c6593244-59ff-4e58-95b5-25f9bdfe04ee","dockerRegistry":"CONTAINER_REGISTRY"},"versionId":"9","updateTime":"2022-04-29T02:57:31Z","buildId":"bf1f8bfe-26e1-4195-9b9b-d1e8f00a73e0","buildName":"projects/587739046871/locations/us-central1/builds/bf1f8bfe-26e1-4195-9b9b-d1e8f00a73e0"}}
[debug] [2022-04-29T02:58:29.315Z] [update-default-us-central1-app] Retrying task index 0
[debug] [2022-04-29T02:58:29.317Z] >>> [apiv2][query] GET https://cloudfunctions.googleapis.com/v1/operations/am9yZGxlLWdhbWUvdXMtY2VudHJhbDEvYXBwL1l3cHJLbU50UUEw [none]
[debug] [2022-04-29T02:58:29.550Z] <<< [apiv2][status] GET https://cloudfunctions.googleapis.com/v1/operations/am9yZGxlLWdhbWUvdXMtY2VudHJhbDEvYXBwL1l3cHJLbU50UUEw 200
[debug] [2022-04-29T02:58:29.550Z] <<< [apiv2][body] GET https://cloudfunctions.googleapis.com/v1/operations/am9yZGxlLWdhbWUvdXMtY2VudHJhbDEvYXBwL1l3cHJLbU50UUEw {"name":"operations/am9yZGxlLWdhbWUvdXMtY2VudHJhbDEvYXBwL1l3cHJLbU50UUEw","metadata":{"@type":"type.googleapis.com/google.cloud.functions.v1.OperationMetadataV1","target":"projects/jordle-game/locations/us-central1/functions/app","type":"UPDATE_FUNCTION","request":{"@type":"type.googleapis.com/google.cloud.functions.v1.CloudFunction","name":"projects/jordle-game/locations/us-central1/functions/app","httpsTrigger":{"url":"https://us-central1-jordle-game.cloudfunctions.net/app","securityLevel":"SECURE_ALWAYS"},"status":"ACTIVE","entryPoint":"app","timeout":"60s","availableMemoryMb":256,"serviceAccountEmail":"jordle-game@appspot.gserviceaccount.com","updateTime":"2022-04-29T02:56:17.620Z","versionId":"8","labels":{"deployment-tool":"cli-firebase"},"sourceUploadUrl":"https://storage.googleapis.com/uploads-819460640478.us-central1.cloudfunctions.appspot.com/7c186b9b-c66d-475b-b9f1-930ee88d1a2d.zip?GoogleAccessId=service-587739046871@gcf-admin-robot.iam.gserviceaccount.com&Expires=1651202849&Signature=YKFQ3T62ypekuz4XvnDsWzCTVb9Ye8gB90Okp2cFNPsmXflhEaOUHyd2L3P1vAlqOUdZuGHrDE%2Fq0zFczlgnIPARs9wosRAN4Baq3YM1cdFaHixb3W0hMRLQn8L8ldIObhOcy74ycvFva1H%2B55dLUes%2B47vMSNN8craEU7BvrvBXM1suFGZX%2B4DiJuNbDDJVOa2WvAm2bZXEqEA1XzD1t7UwfsxvxS6Dqj2VXcOngnuvbzVQtnprTJMAMCkHlKIj0i24oEzI5NkdIyMfwh%2F2Olk7GSIrgrDvNLxeuZKcDyvuWCYnMsnLoXM0CdAAgrCaC%2Bp%2FVqecoY5%2F6p8VaoZr4g%3D%3D","environmentVariables":{"FIREBASE_CONFIG":"{\"projectId\":\"jordle-game\",\"storageBucket\":\"jordle-game.appspot.com\"}","GCLOUD_PROJECT":"jordle-game"},"runtime":"nodejs16","ingressSettings":"ALLOW_ALL","buildId":"c6593244-59ff-4e58-95b5-25f9bdfe04ee","buildName":"projects/587739046871/locations/us-central1/builds/c6593244-59ff-4e58-95b5-25f9bdfe04ee","dockerRegistry":"CONTAINER_REGISTRY"},"versionId":"9","updateTime":"2022-04-29T02:57:31Z","buildId":"bf1f8bfe-26e1-4195-9b9b-d1e8f00a73e0","buildName":"projects/587739046871/locations/us-central1/builds/bf1f8bfe-26e1-4195-9b9b-d1e8f00a73e0"}}
[debug] [2022-04-29T02:58:39.552Z] [update-default-us-central1-app] Retrying task index 0
[debug] [2022-04-29T02:58:39.553Z] >>> [apiv2][query] GET https://cloudfunctions.googleapis.com/v1/operations/am9yZGxlLWdhbWUvdXMtY2VudHJhbDEvYXBwL1l3cHJLbU50UUEw [none]
[debug] [2022-04-29T02:58:39.838Z] <<< [apiv2][status] GET https://cloudfunctions.googleapis.com/v1/operations/am9yZGxlLWdhbWUvdXMtY2VudHJhbDEvYXBwL1l3cHJLbU50UUEw 200
[debug] [2022-04-29T02:58:39.839Z] <<< [apiv2][body] GET https://cloudfunctions.googleapis.com/v1/operations/am9yZGxlLWdhbWUvdXMtY2VudHJhbDEvYXBwL1l3cHJLbU50UUEw {"name":"operations/am9yZGxlLWdhbWUvdXMtY2VudHJhbDEvYXBwL1l3cHJLbU50UUEw","metadata":{"@type":"type.googleapis.com/google.cloud.functions.v1.OperationMetadataV1","target":"projects/jordle-game/locations/us-central1/functions/app","type":"UPDATE_FUNCTION","request":{"@type":"type.googleapis.com/google.cloud.functions.v1.CloudFunction","name":"projects/jordle-game/locations/us-central1/functions/app","httpsTrigger":{"url":"https://us-central1-jordle-game.cloudfunctions.net/app","securityLevel":"SECURE_ALWAYS"},"status":"ACTIVE","entryPoint":"app","timeout":"60s","availableMemoryMb":256,"serviceAccountEmail":"jordle-game@appspot.gserviceaccount.com","updateTime":"2022-04-29T02:56:17.620Z","versionId":"8","labels":{"deployment-tool":"cli-firebase"},"sourceUploadUrl":"https://storage.googleapis.com/uploads-819460640478.us-central1.cloudfunctions.appspot.com/7c186b9b-c66d-475b-b9f1-930ee88d1a2d.zip?GoogleAccessId=service-587739046871@gcf-admin-robot.iam.gserviceaccount.com&Expires=1651202849&Signature=YKFQ3T62ypekuz4XvnDsWzCTVb9Ye8gB90Okp2cFNPsmXflhEaOUHyd2L3P1vAlqOUdZuGHrDE%2Fq0zFczlgnIPARs9wosRAN4Baq3YM1cdFaHixb3W0hMRLQn8L8ldIObhOcy74ycvFva1H%2B55dLUes%2B47vMSNN8craEU7BvrvBXM1suFGZX%2B4DiJuNbDDJVOa2WvAm2bZXEqEA1XzD1t7UwfsxvxS6Dqj2VXcOngnuvbzVQtnprTJMAMCkHlKIj0i24oEzI5NkdIyMfwh%2F2Olk7GSIrgrDvNLxeuZKcDyvuWCYnMsnLoXM0CdAAgrCaC%2Bp%2FVqecoY5%2F6p8VaoZr4g%3D%3D","environmentVariables":{"FIREBASE_CONFIG":"{\"projectId\":\"jordle-game\",\"storageBucket\":\"jordle-game.appspot.com\"}","GCLOUD_PROJECT":"jordle-game"},"runtime":"nodejs16","ingressSettings":"ALLOW_ALL","buildId":"c6593244-59ff-4e58-95b5-25f9bdfe04ee","buildName":"projects/587739046871/locations/us-central1/builds/c6593244-59ff-4e58-95b5-25f9bdfe04ee","dockerRegistry":"CONTAINER_REGISTRY"},"versionId":"9","updateTime":"2022-04-29T02:57:31Z","buildId":"bf1f8bfe-26e1-4195-9b9b-d1e8f00a73e0","buildName":"projects/587739046871/locations/us-central1/builds/bf1f8bfe-26e1-4195-9b9b-d1e8f00a73e0"}}
[debug] [2022-04-29T02:58:49.839Z] [update-default-us-central1-app] Retrying task index 0
[debug] [2022-04-29T02:58:49.841Z] >>> [apiv2][query] GET https://cloudfunctions.googleapis.com/v1/operations/am9yZGxlLWdhbWUvdXMtY2VudHJhbDEvYXBwL1l3cHJLbU50UUEw [none]
[debug] [2022-04-29T02:58:50.077Z] <<< [apiv2][status] GET https://cloudfunctions.googleapis.com/v1/operations/am9yZGxlLWdhbWUvdXMtY2VudHJhbDEvYXBwL1l3cHJLbU50UUEw 200
[debug] [2022-04-29T02:58:50.077Z] <<< [apiv2][body] GET https://cloudfunctions.googleapis.com/v1/operations/am9yZGxlLWdhbWUvdXMtY2VudHJhbDEvYXBwL1l3cHJLbU50UUEw {"name":"operations/am9yZGxlLWdhbWUvdXMtY2VudHJhbDEvYXBwL1l3cHJLbU50UUEw","metadata":{"@type":"type.googleapis.com/google.cloud.functions.v1.OperationMetadataV1","target":"projects/jordle-game/locations/us-central1/functions/app","type":"UPDATE_FUNCTION","request":{"@type":"type.googleapis.com/google.cloud.functions.v1.CloudFunction","name":"projects/jordle-game/locations/us-central1/functions/app","httpsTrigger":{"url":"https://us-central1-jordle-game.cloudfunctions.net/app","securityLevel":"SECURE_ALWAYS"},"status":"ACTIVE","entryPoint":"app","timeout":"60s","availableMemoryMb":256,"serviceAccountEmail":"jordle-game@appspot.gserviceaccount.com","updateTime":"2022-04-29T02:56:17.620Z","versionId":"8","labels":{"deployment-tool":"cli-firebase"},"sourceUploadUrl":"https://storage.googleapis.com/uploads-819460640478.us-central1.cloudfunctions.appspot.com/7c186b9b-c66d-475b-b9f1-930ee88d1a2d.zip?GoogleAccessId=service-587739046871@gcf-admin-robot.iam.gserviceaccount.com&Expires=1651202849&Signature=YKFQ3T62ypekuz4XvnDsWzCTVb9Ye8gB90Okp2cFNPsmXflhEaOUHyd2L3P1vAlqOUdZuGHrDE%2Fq0zFczlgnIPARs9wosRAN4Baq3YM1cdFaHixb3W0hMRLQn8L8ldIObhOcy74ycvFva1H%2B55dLUes%2B47vMSNN8craEU7BvrvBXM1suFGZX%2B4DiJuNbDDJVOa2WvAm2bZXEqEA1XzD1t7UwfsxvxS6Dqj2VXcOngnuvbzVQtnprTJMAMCkHlKIj0i24oEzI5NkdIyMfwh%2F2Olk7GSIrgrDvNLxeuZKcDyvuWCYnMsnLoXM0CdAAgrCaC%2Bp%2FVqecoY5%2F6p8VaoZr4g%3D%3D","environmentVariables":{"FIREBASE_CONFIG":"{\"projectId\":\"jordle-game\",\"storageBucket\":\"jordle-game.appspot.com\"}","GCLOUD_PROJECT":"jordle-game"},"runtime":"nodejs16","ingressSettings":"ALLOW_ALL","buildId":"c6593244-59ff-4e58-95b5-25f9bdfe04ee","buildName":"projects/587739046871/locations/us-central1/builds/c6593244-59ff-4e58-95b5-25f9bdfe04ee","dockerRegistry":"CONTAINER_REGISTRY"},"versionId":"9","updateTime":"2022-04-29T02:57:31Z","buildId":"bf1f8bfe-26e1-4195-9b9b-d1e8f00a73e0","sourceToken":"235b0777-6ce3-4245-9324-4a7c1f0b7721","buildName":"projects/587739046871/locations/us-central1/builds/bf1f8bfe-26e1-4195-9b9b-d1e8f00a73e0"}}
[debug] [2022-04-29T02:58:50.078Z] Got source token 235b0777-6ce3-4245-9324-4a7c1f0b7721 for region us-central1
[debug] [2022-04-29T02:59:00.079Z] [update-default-us-central1-app] Retrying task index 0
[debug] [2022-04-29T02:59:00.080Z] >>> [apiv2][query] GET https://cloudfunctions.googleapis.com/v1/operations/am9yZGxlLWdhbWUvdXMtY2VudHJhbDEvYXBwL1l3cHJLbU50UUEw [none]
[debug] [2022-04-29T02:59:00.288Z] <<< [apiv2][status] GET https://cloudfunctions.googleapis.com/v1/operations/am9yZGxlLWdhbWUvdXMtY2VudHJhbDEvYXBwL1l3cHJLbU50UUEw 200
[debug] [2022-04-29T02:59:00.288Z] <<< [apiv2][body] GET https://cloudfunctions.googleapis.com/v1/operations/am9yZGxlLWdhbWUvdXMtY2VudHJhbDEvYXBwL1l3cHJLbU50UUEw {"name":"operations/am9yZGxlLWdhbWUvdXMtY2VudHJhbDEvYXBwL1l3cHJLbU50UUEw","metadata":{"@type":"type.googleapis.com/google.cloud.functions.v1.OperationMetadataV1","target":"projects/jordle-game/locations/us-central1/functions/app","type":"UPDATE_FUNCTION","request":{"@type":"type.googleapis.com/google.cloud.functions.v1.CloudFunction","name":"projects/jordle-game/locations/us-central1/functions/app","httpsTrigger":{"url":"https://us-central1-jordle-game.cloudfunctions.net/app","securityLevel":"SECURE_ALWAYS"},"status":"ACTIVE","entryPoint":"app","timeout":"60s","availableMemoryMb":256,"serviceAccountEmail":"jordle-game@appspot.gserviceaccount.com","updateTime":"2022-04-29T02:56:17.620Z","versionId":"8","labels":{"deployment-tool":"cli-firebase"},"sourceUploadUrl":"https://storage.googleapis.com/uploads-819460640478.us-central1.cloudfunctions.appspot.com/7c186b9b-c66d-475b-b9f1-930ee88d1a2d.zip?GoogleAccessId=service-587739046871@gcf-admin-robot.iam.gserviceaccount.com&Expires=1651202849&Signature=YKFQ3T62ypekuz4XvnDsWzCTVb9Ye8gB90Okp2cFNPsmXflhEaOUHyd2L3P1vAlqOUdZuGHrDE%2Fq0zFczlgnIPARs9wosRAN4Baq3YM1cdFaHixb3W0hMRLQn8L8ldIObhOcy74ycvFva1H%2B55dLUes%2B47vMSNN8craEU7BvrvBXM1suFGZX%2B4DiJuNbDDJVOa2WvAm2bZXEqEA1XzD1t7UwfsxvxS6Dqj2VXcOngnuvbzVQtnprTJMAMCkHlKIj0i24oEzI5NkdIyMfwh%2F2Olk7GSIrgrDvNLxeuZKcDyvuWCYnMsnLoXM0CdAAgrCaC%2Bp%2FVqecoY5%2F6p8VaoZr4g%3D%3D","environmentVariables":{"FIREBASE_CONFIG":"{\"projectId\":\"jordle-game\",\"storageBucket\":\"jordle-game.appspot.com\"}","GCLOUD_PROJECT":"jordle-game"},"runtime":"nodejs16","ingressSettings":"ALLOW_ALL","buildId":"c6593244-59ff-4e58-95b5-25f9bdfe04ee","buildName":"projects/587739046871/locations/us-central1/builds/c6593244-59ff-4e58-95b5-25f9bdfe04ee","dockerRegistry":"CONTAINER_REGISTRY"},"versionId":"9","updateTime":"2022-04-29T02:57:31Z","buildId":"bf1f8bfe-26e1-4195-9b9b-d1e8f00a73e0","sourceToken":"235b0777-6ce3-4245-9324-4a7c1f0b7721","buildName":"projects/587739046871/locations/us-central1/builds/bf1f8bfe-26e1-4195-9b9b-d1e8f00a73e0"}}
[debug] [2022-04-29T02:59:00.288Z] Got source token 235b0777-6ce3-4245-9324-4a7c1f0b7721 for region us-central1
[debug] [2022-04-29T02:59:10.291Z] [update-default-us-central1-app] Retrying task index 0
[debug] [2022-04-29T02:59:10.292Z] >>> [apiv2][query] GET https://cloudfunctions.googleapis.com/v1/operations/am9yZGxlLWdhbWUvdXMtY2VudHJhbDEvYXBwL1l3cHJLbU50UUEw [none]
[debug] [2022-04-29T02:59:10.576Z] <<< [apiv2][status] GET https://cloudfunctions.googleapis.com/v1/operations/am9yZGxlLWdhbWUvdXMtY2VudHJhbDEvYXBwL1l3cHJLbU50UUEw 200
[debug] [2022-04-29T02:59:10.576Z] <<< [apiv2][body] GET https://cloudfunctions.googleapis.com/v1/operations/am9yZGxlLWdhbWUvdXMtY2VudHJhbDEvYXBwL1l3cHJLbU50UUEw {"name":"operations/am9yZGxlLWdhbWUvdXMtY2VudHJhbDEvYXBwL1l3cHJLbU50UUEw","metadata":{"@type":"type.googleapis.com/google.cloud.functions.v1.OperationMetadataV1","target":"projects/jordle-game/locations/us-central1/functions/app","type":"UPDATE_FUNCTION","request":{"@type":"type.googleapis.com/google.cloud.functions.v1.CloudFunction","name":"projects/jordle-game/locations/us-central1/functions/app","httpsTrigger":{"url":"https://us-central1-jordle-game.cloudfunctions.net/app","securityLevel":"SECURE_ALWAYS"},"status":"ACTIVE","entryPoint":"app","timeout":"60s","availableMemoryMb":256,"serviceAccountEmail":"jordle-game@appspot.gserviceaccount.com","updateTime":"2022-04-29T02:56:17.620Z","versionId":"8","labels":{"deployment-tool":"cli-firebase"},"sourceUploadUrl":"https://storage.googleapis.com/uploads-819460640478.us-central1.cloudfunctions.appspot.com/7c186b9b-c66d-475b-b9f1-930ee88d1a2d.zip?GoogleAccessId=service-587739046871@gcf-admin-robot.iam.gserviceaccount.com&Expires=1651202849&Signature=YKFQ3T62ypekuz4XvnDsWzCTVb9Ye8gB90Okp2cFNPsmXflhEaOUHyd2L3P1vAlqOUdZuGHrDE%2Fq0zFczlgnIPARs9wosRAN4Baq3YM1cdFaHixb3W0hMRLQn8L8ldIObhOcy74ycvFva1H%2B55dLUes%2B47vMSNN8craEU7BvrvBXM1suFGZX%2B4DiJuNbDDJVOa2WvAm2bZXEqEA1XzD1t7UwfsxvxS6Dqj2VXcOngnuvbzVQtnprTJMAMCkHlKIj0i24oEzI5NkdIyMfwh%2F2Olk7GSIrgrDvNLxeuZKcDyvuWCYnMsnLoXM0CdAAgrCaC%2Bp%2FVqecoY5%2F6p8VaoZr4g%3D%3D","environmentVariables":{"FIREBASE_CONFIG":"{\"projectId\":\"jordle-game\",\"storageBucket\":\"jordle-game.appspot.com\"}","GCLOUD_PROJECT":"jordle-game"},"runtime":"nodejs16","ingressSettings":"ALLOW_ALL","buildId":"c6593244-59ff-4e58-95b5-25f9bdfe04ee","buildName":"projects/587739046871/locations/us-central1/builds/c6593244-59ff-4e58-95b5-25f9bdfe04ee","dockerRegistry":"CONTAINER_REGISTRY"},"versionId":"9","updateTime":"2022-04-29T02:57:31Z","buildId":"bf1f8bfe-26e1-4195-9b9b-d1e8f00a73e0","sourceToken":"235b0777-6ce3-4245-9324-4a7c1f0b7721","buildName":"projects/587739046871/locations/us-central1/builds/bf1f8bfe-26e1-4195-9b9b-d1e8f00a73e0"}}
[debug] [2022-04-29T02:59:10.576Z] Got source token 235b0777-6ce3-4245-9324-4a7c1f0b7721 for region us-central1
[debug] [2022-04-29T02:59:20.577Z] [update-default-us-central1-app] Retrying task index 0
[debug] [2022-04-29T02:59:20.578Z] >>> [apiv2][query] GET https://cloudfunctions.googleapis.com/v1/operations/am9yZGxlLWdhbWUvdXMtY2VudHJhbDEvYXBwL1l3cHJLbU50UUEw [none]
[debug] [2022-04-29T02:59:20.813Z] <<< [apiv2][status] GET https://cloudfunctions.googleapis.com/v1/operations/am9yZGxlLWdhbWUvdXMtY2VudHJhbDEvYXBwL1l3cHJLbU50UUEw 200
[debug] [2022-04-29T02:59:20.814Z] <<< [apiv2][body] GET https://cloudfunctions.googleapis.com/v1/operations/am9yZGxlLWdhbWUvdXMtY2VudHJhbDEvYXBwL1l3cHJLbU50UUEw {"name":"operations/am9yZGxlLWdhbWUvdXMtY2VudHJhbDEvYXBwL1l3cHJLbU50UUEw","metadata":{"@type":"type.googleapis.com/google.cloud.functions.v1.OperationMetadataV1","target":"projects/jordle-game/locations/us-central1/functions/app","type":"UPDATE_FUNCTION","request":{"@type":"type.googleapis.com/google.cloud.functions.v1.CloudFunction","name":"projects/jordle-game/locations/us-central1/functions/app","httpsTrigger":{"url":"https://us-central1-jordle-game.cloudfunctions.net/app","securityLevel":"SECURE_ALWAYS"},"status":"ACTIVE","entryPoint":"app","timeout":"60s","availableMemoryMb":256,"serviceAccountEmail":"jordle-game@appspot.gserviceaccount.com","updateTime":"2022-04-29T02:56:17.620Z","versionId":"8","labels":{"deployment-tool":"cli-firebase"},"sourceUploadUrl":"https://storage.googleapis.com/uploads-819460640478.us-central1.cloudfunctions.appspot.com/7c186b9b-c66d-475b-b9f1-930ee88d1a2d.zip?GoogleAccessId=service-587739046871@gcf-admin-robot.iam.gserviceaccount.com&Expires=1651202849&Signature=YKFQ3T62ypekuz4XvnDsWzCTVb9Ye8gB90Okp2cFNPsmXflhEaOUHyd2L3P1vAlqOUdZuGHrDE%2Fq0zFczlgnIPARs9wosRAN4Baq3YM1cdFaHixb3W0hMRLQn8L8ldIObhOcy74ycvFva1H%2B55dLUes%2B47vMSNN8craEU7BvrvBXM1suFGZX%2B4DiJuNbDDJVOa2WvAm2bZXEqEA1XzD1t7UwfsxvxS6Dqj2VXcOngnuvbzVQtnprTJMAMCkHlKIj0i24oEzI5NkdIyMfwh%2F2Olk7GSIrgrDvNLxeuZKcDyvuWCYnMsnLoXM0CdAAgrCaC%2Bp%2FVqecoY5%2F6p8VaoZr4g%3D%3D","environmentVariables":{"FIREBASE_CONFIG":"{\"projectId\":\"jordle-game\",\"storageBucket\":\"jordle-game.appspot.com\"}","GCLOUD_PROJECT":"jordle-game"},"runtime":"nodejs16","ingressSettings":"ALLOW_ALL","buildId":"c6593244-59ff-4e58-95b5-25f9bdfe04ee","buildName":"projects/587739046871/locations/us-central1/builds/c6593244-59ff-4e58-95b5-25f9bdfe04ee","dockerRegistry":"CONTAINER_REGISTRY"},"versionId":"9","updateTime":"2022-04-29T02:57:31Z","buildId":"bf1f8bfe-26e1-4195-9b9b-d1e8f00a73e0","sourceToken":"235b0777-6ce3-4245-9324-4a7c1f0b7721","buildName":"projects/587739046871/locations/us-central1/builds/bf1f8bfe-26e1-4195-9b9b-d1e8f00a73e0"}}
[debug] [2022-04-29T02:59:20.814Z] Got source token 235b0777-6ce3-4245-9324-4a7c1f0b7721 for region us-central1
[debug] [2022-04-29T02:59:30.815Z] [update-default-us-central1-app] Retrying task index 0
[debug] [2022-04-29T02:59:30.817Z] >>> [apiv2][query] GET https://cloudfunctions.googleapis.com/v1/operations/am9yZGxlLWdhbWUvdXMtY2VudHJhbDEvYXBwL1l3cHJLbU50UUEw [none]
[debug] [2022-04-29T02:59:31.101Z] <<< [apiv2][status] GET https://cloudfunctions.googleapis.com/v1/operations/am9yZGxlLWdhbWUvdXMtY2VudHJhbDEvYXBwL1l3cHJLbU50UUEw 200
[debug] [2022-04-29T02:59:31.101Z] <<< [apiv2][body] GET https://cloudfunctions.googleapis.com/v1/operations/am9yZGxlLWdhbWUvdXMtY2VudHJhbDEvYXBwL1l3cHJLbU50UUEw {"name":"operations/am9yZGxlLWdhbWUvdXMtY2VudHJhbDEvYXBwL1l3cHJLbU50UUEw","metadata":{"@type":"type.googleapis.com/google.cloud.functions.v1.OperationMetadataV1","target":"projects/jordle-game/locations/us-central1/functions/app","type":"UPDATE_FUNCTION","request":{"@type":"type.googleapis.com/google.cloud.functions.v1.CloudFunction","name":"projects/jordle-game/locations/us-central1/functions/app","httpsTrigger":{"url":"https://us-central1-jordle-game.cloudfunctions.net/app","securityLevel":"SECURE_ALWAYS"},"status":"ACTIVE","entryPoint":"app","timeout":"60s","availableMemoryMb":256,"serviceAccountEmail":"jordle-game@appspot.gserviceaccount.com","updateTime":"2022-04-29T02:56:17.620Z","versionId":"8","labels":{"deployment-tool":"cli-firebase"},"sourceUploadUrl":"https://storage.googleapis.com/uploads-819460640478.us-central1.cloudfunctions.appspot.com/7c186b9b-c66d-475b-b9f1-930ee88d1a2d.zip?GoogleAccessId=service-587739046871@gcf-admin-robot.iam.gserviceaccount.com&Expires=1651202849&Signature=YKFQ3T62ypekuz4XvnDsWzCTVb9Ye8gB90Okp2cFNPsmXflhEaOUHyd2L3P1vAlqOUdZuGHrDE%2Fq0zFczlgnIPARs9wosRAN4Baq3YM1cdFaHixb3W0hMRLQn8L8ldIObhOcy74ycvFva1H%2B55dLUes%2B47vMSNN8craEU7BvrvBXM1suFGZX%2B4DiJuNbDDJVOa2WvAm2bZXEqEA1XzD1t7UwfsxvxS6Dqj2VXcOngnuvbzVQtnprTJMAMCkHlKIj0i24oEzI5NkdIyMfwh%2F2Olk7GSIrgrDvNLxeuZKcDyvuWCYnMsnLoXM0CdAAgrCaC%2Bp%2FVqecoY5%2F6p8VaoZr4g%3D%3D","environmentVariables":{"FIREBASE_CONFIG":"{\"projectId\":\"jordle-game\",\"storageBucket\":\"jordle-game.appspot.com\"}","GCLOUD_PROJECT":"jordle-game"},"runtime":"nodejs16","ingressSettings":"ALLOW_ALL","buildId":"c6593244-59ff-4e58-95b5-25f9bdfe04ee","buildName":"projects/587739046871/locations/us-central1/builds/c6593244-59ff-4e58-95b5-25f9bdfe04ee","dockerRegistry":"CONTAINER_REGISTRY"},"versionId":"9","updateTime":"2022-04-29T02:57:31Z","buildId":"bf1f8bfe-26e1-4195-9b9b-d1e8f00a73e0","sourceToken":"235b0777-6ce3-4245-9324-4a7c1f0b7721","buildName":"projects/587739046871/locations/us-central1/builds/bf1f8bfe-26e1-4195-9b9b-d1e8f00a73e0"}}
[debug] [2022-04-29T02:59:31.101Z] Got source token 235b0777-6ce3-4245-9324-4a7c1f0b7721 for region us-central1
