[debug] [2022-05-13T17:56:24.939Z] ----------------------------------------------------------------------
[debug] [2022-05-13T17:56:24.939Z] Command:       /usr/local/bin/node /Users/philipaguiar/.npm-global/bin/firebase serve
[debug] [2022-05-13T17:56:24.940Z] CLI Version:   10.7.1
[debug] [2022-05-13T17:56:24.940Z] Platform:      darwin
[debug] [2022-05-13T17:56:24.940Z] Node Version:  v16.13.2
[debug] [2022-05-13T17:56:24.940Z] Time:          Fri May 13 2022 13:56:24 GMT-0400 (Eastern Daylight Time)
[debug] [2022-05-13T17:56:24.940Z] ----------------------------------------------------------------------
[debug] 
[debug] [2022-05-13T17:56:24.966Z] > command requires scopes: ["email","openid","https://www.googleapis.com/auth/cloudplatformprojects.readonly","https://www.googleapis.com/auth/firebase","https://www.googleapis.com/auth/cloud-platform"]
[debug] [2022-05-13T17:56:24.966Z] > authorizing via signed-in user (philipaguiar@gmail.com)
[debug] [2022-05-13T17:56:24.966Z] [iam] checking project jordle-game for permissions ["firebase.projects.get"]
[debug] [2022-05-13T17:56:24.967Z] >>> [apiv2][query] POST https://cloudresourcemanager.googleapis.com/v1/projects/jordle-game:testIamPermissions [none]
[debug] [2022-05-13T17:56:24.967Z] >>> [apiv2][body] POST https://cloudresourcemanager.googleapis.com/v1/projects/jordle-game:testIamPermissions {"permissions":["firebase.projects.get"]}
[debug] [2022-05-13T17:56:25.125Z] <<< [apiv2][status] POST https://cloudresourcemanager.googleapis.com/v1/projects/jordle-game:testIamPermissions 200
[debug] [2022-05-13T17:56:25.125Z] <<< [apiv2][body] POST https://cloudresourcemanager.googleapis.com/v1/projects/jordle-game:testIamPermissions {"permissions":["firebase.projects.get"]}
[debug] [2022-05-13T17:56:25.127Z] >>> [apiv2][query] GET https://firebase.googleapis.com/v1beta1/projects/jordle-game [none]
[debug] [2022-05-13T17:56:25.359Z] <<< [apiv2][status] GET https://firebase.googleapis.com/v1beta1/projects/jordle-game 200
[debug] [2022-05-13T17:56:25.360Z] <<< [apiv2][body] GET https://firebase.googleapis.com/v1beta1/projects/jordle-game {"projectId":"jordle-game","projectNumber":"587739046871","displayName":"jordle-game","name":"projects/jordle-game","resources":{"hostingSite":"jordle-game"},"state":"ACTIVE"}
[info] 
[info] === Serving from '/Users/philipaguiar/Documents/All-Things-Coding/jordle'...
[info] 
[debug] [2022-05-13T17:56:25.364Z] >>> [apiv2][query] GET https://firebasehosting.googleapis.com/v1beta1/projects/jordle-game/sites 
[info] ✔  functions: Using node@16 from host. {"metadata":{"emulator":{"name":"functions"},"message":"Using node@16 from host."}}
[debug] [2022-05-13T17:56:25.377Z] defaultcredentials: writing to file /Users/philipaguiar/.config/firebase/philipaguiar_gmail_com_application_default_credentials.json
[debug] [2022-05-13T17:56:25.378Z] Setting GAC to /Users/philipaguiar/.config/firebase/philipaguiar_gmail_com_application_default_credentials.json {"metadata":{"emulator":{"name":"functions"},"message":"Setting GAC to /Users/philipaguiar/.config/firebase/philipaguiar_gmail_com_application_default_credentials.json"}}
[debug] [2022-05-13T17:56:25.379Z] >>> [apiv2][query] GET https://firebase.googleapis.com/v1beta1/projects/jordle-game/adminSdkConfig [none]
[debug] [2022-05-13T17:56:25.604Z] <<< [apiv2][status] GET https://firebase.googleapis.com/v1beta1/projects/jordle-game/adminSdkConfig 200
[debug] [2022-05-13T17:56:25.604Z] <<< [apiv2][body] GET https://firebase.googleapis.com/v1beta1/projects/jordle-game/adminSdkConfig {"projectId":"jordle-game","storageBucket":"jordle-game.appspot.com"}
[debug] [2022-05-13T17:56:25.783Z] <<< [apiv2][status] GET https://firebasehosting.googleapis.com/v1beta1/projects/jordle-game/sites 200
[debug] [2022-05-13T17:56:25.783Z] <<< [apiv2][body] GET https://firebasehosting.googleapis.com/v1beta1/projects/jordle-game/sites {"sites":[{"name":"projects/jordle-game/sites/jordle-game","defaultUrl":"https://jordle-game.web.app","type":"DEFAULT_SITE"}]}
[debug] [2022-05-13T17:56:25.784Z] >>> [apiv2][query] GET https://firebase.googleapis.com/v1beta1/projects/jordle-game/webApps/-/config [none]
[debug] [2022-05-13T17:56:26.194Z] <<< [apiv2][status] GET https://firebase.googleapis.com/v1beta1/projects/jordle-game/webApps/-/config 200
[debug] [2022-05-13T17:56:26.194Z] <<< [apiv2][body] GET https://firebase.googleapis.com/v1beta1/projects/jordle-game/webApps/-/config {"projectId":"jordle-game","storageBucket":"jordle-game.appspot.com","apiKey":"AIzaSyBRtjXUqbjwcBU-ecN8TnkVHY6g9bnKug4","authDomain":"jordle-game.firebaseapp.com","messagingSenderId":"587739046871"}
[warn] ⚠  hosting: Port 5000 is not available. Trying another port... {"metadata":{"emulator":{"name":"hosting"},"message":"\u001b[33mhosting: \u001b[39mPort 5000 is not available. Trying another port..."}}
[info] i  functions: Watching "/Users/philipaguiar/Documents/All-Things-Coding/jordle/functions" for Cloud Functions... {"metadata":{"emulator":{"name":"functions"},"message":"Watching \"/Users/philipaguiar/Documents/All-Things-Coding/jordle/functions\" for Cloud Functions..."}}
[info] i  hosting: Serving hosting files from: build {"metadata":{"emulator":{"name":"hosting"},"message":"Serving hosting files from: \u001b[1mbuild\u001b[22m"}}
[info] ✔  hosting: Local server: http://localhost:5005 {"metadata":{"emulator":{"name":"hosting"},"message":"Local server: \u001b[4m\u001b[1mhttp://localhost:5005\u001b[22m\u001b[24m"}}
[debug] [2022-05-13T17:56:26.314Z] Validating nodejs source
[debug] [2022-05-13T17:56:27.032Z] > [functions] package.json contents: {
  "name": "functions",
  "scripts": {
    "lint": "eslint --ext .js,.ts .",
    "build": "tsc",
    "serve": "npm run build && firebase emulators:start --only functions",
    "shell": "npm run build && firebase functions:shell",
    "start": "npm run shell",
    "deploy": "firebase deploy --only functions",
    "logs": "firebase functions:log"
  },
  "engines": {
    "node": "16"
  },
  "main": "lib/index.js",
  "dependencies": {
    "cors": "^2.8.5",
    "express": "^4.18.0",
    "firebase-admin": "^10.0.2",
    "firebase-functions": "^3.21.1",
    "fs": "^0.0.1-security",
    "sneaks-api": "^1.2.3",
    "stockx-api": "^1.1.0"
  },
  "devDependencies": {
    "@typescript-eslint/eslint-plugin": "^5.12.0",
    "@typescript-eslint/parser": "^5.12.0",
    "eslint": "^8.9.0",
    "eslint-config-google": "^0.14.0",
    "eslint-plugin-import": "^2.25.4",
    "firebase-functions-test": "^0.2.0",
    "typescript": "^4.5.4"
  },
  "private": true
}
[debug] [2022-05-13T17:56:27.032Z] Building nodejs source
[debug] [2022-05-13T17:56:27.032Z] Analyzing nodejs backend spec
[info] ✔  functions[us-central1-app]: http function initialized (http://localhost:5001/jordle-game/us-central1/app). {"metadata":{"emulator":{"name":"functions"},"message":"\u001b[1mhttp\u001b[22m function initialized (http://localhost:5001/jordle-game/us-central1/app)."}}
[info] i  hosting: 127.0.0.1 - - [13/May/2022:17:56:30 +0000] "GET /random HTTP/1.1" 200 669 "-" "Thunder Client (https://www.thunderclient.com)" {"metadata":{"emulator":{"name":"hosting"},"message":"127.0.0.1 - - [13/May/2022:17:56:30 +0000] \"GET /random HTTP/1.1\" 200 669 \"-\" \"Thunder Client (https://www.thunderclient.com)\""}}
